ERROR:root:Произошла ошибка a bytes-like object is required, not 'cryptography.hazmat.bindings._rust.openssl.rsa.RSAPublicKey' в функции write_file
ERROR:root:Произошла ошибка a bytes-like object is required, not 'cryptography.hazmat.bindings._rust.openssl.rsa.RSAPrivateKey' в функции write_file
ERROR:root:Произошла ошибка expected str, bytes or os.PathLike object, not NoneType в функции read_json_file
ERROR:root:Произошла ошибка expected str, bytes or os.PathLike object, not NoneType в функции read_json_file
ERROR:root:Произошла ошибка 'utf-8' codec can't decode byte 0x98 in position 1: invalid start byte в функции read_file
ERROR:root:Произошла ошибка 'utf-8' codec can't decode byte 0x98 in position 1: invalid start byte в функции read_file
ERROR:root:Произошла ошибка 'utf-8' codec can't decode byte 0x98 in position 1: invalid start byte в функции read_file
ERROR:root:Произошла ошибка 'utf-8' codec can't decode byte 0x98 in position 1: invalid start byte в функции read_file
INFO:root:read_file
INFO:root:read_file
INFO:root:read_file
INFO:root:read_file
INFO:root:read_file
INFO:root:read_file
INFO:root:read_file
INFO:root:Ошибка Ciphertext length must be equal to key size. в функции asymmetric_actions
ERROR:root:Произошла ошибка a bytes-like object is required, not 'NoneType' в функции write_file
INFO:root:read_file
INFO:root:read_file
INFO:root:read_file
INFO:root:Ошибка Ciphertext length must be equal to key size. в функции asymmetric_actions
ERROR:root:Произошла ошибка a bytes-like object is required, not 'NoneType' в функции write_file
INFO:root:read_file
INFO:root:read_file
INFO:root:read_file
INFO:root:read_file
INFO:root:read_file
INFO:root:read_file
INFO:root:read_file
INFO:root:Ошибка Ciphertext length must be equal to key size. в функции asymmetric_actions
INFO:root:read_file
INFO:root:read_file
INFO:root:read_file
INFO:root:read_file
INFO:root:read_file
INFO:root:read_file
INFO:root:read_file
INFO:root:read_file
INFO:root:read_file
INFO:root:read_file
INFO:root:read_file
INFO:root:read_file
INFO:root:read_file
INFO:root:read_file
INFO:root:read_file
INFO:root:read_file
INFO:root:read_file
INFO:root:read_file
INFO:root:read_file
INFO:root:read_file
INFO:root:read_file
INFO:root:read_file
INFO:root:read_file
INFO:root:read_file
INFO:root:read_file
INFO:root:read_file
INFO:root:read_file
INFO:root:read_file
INFO:root:read_file
INFO:root:read_file
INFO:root:read_file
INFO:root:read_file
INFO:root:read_file
INFO:root:read_file
INFO:root:read_file
INFO:root:read_file
INFO:root:read_file
INFO:root:read_file
INFO:root:read_file
INFO:root:read_file
INFO:root:read_file
INFO:root:read_file
INFO:root:read_file
INFO:root:read_file
INFO:root:read_file
INFO:root:read_file
INFO:root:read_file
INFO:root:read_file
INFO:root:read_file
INFO:root:read_file
INFO:root:read_file
INFO:root:read_file
INFO:root:read_file
INFO:root:read_file
INFO:root:read_file
INFO:root:read_file
INFO:root:read_file
INFO:root:read_file
INFO:root:read_file
INFO:root:read_file
INFO:root:read_file
INFO:root:read_file
INFO:root:read_file
INFO:root:read_file
INFO:root:read_file
INFO:root:read_file
INFO:root:read_file
INFO:root:read_file
INFO:root:read_file
INFO:root:read_file
INFO:root:read_file
INFO:root:read_file
INFO:root:read_file
INFO:root:read_file
INFO:root:read_file
INFO:root:read_file
INFO:root:read_file
INFO:root:read_file
INFO:root:read_file
INFO:root:read_file
INFO:root:read_file
INFO:root:read_file
INFO:root:read_file
INFO:root:read_file
INFO:root:read_file
INFO:root:read_file
INFO:root:read_file
INFO:root:read_file
INFO:root:read_file
INFO:root:read_file
INFO:root:read_file
INFO:root:read_file
INFO:root:read_file
INFO:root:read_file
INFO:root:read_file
INFO:root:read_file
INFO:root:read_file
INFO:root:read_file
INFO:root:read_file
INFO:root:read_file
INFO:root:read_file
INFO:root:read_file
INFO:root:read_file
INFO:root:read_file
INFO:root:read_file
INFO:root:read_file
INFO:root:read_file
INFO:root:read_file
INFO:root:read_file
INFO:root:read_file
INFO:root:read_file
INFO:root:read_file
INFO:root:read_file
INFO:root:read_file
INFO:root:read_file
INFO:root:read_file
INFO:root:read_file
INFO:root:read_file
INFO:root:read_file
INFO:root:read_file
INFO:root:read_file
INFO:root:read_file
INFO:root:read_file
INFO:root:read_file
INFO:root:read_file
INFO:root:read_file
INFO:root:read_file
INFO:root:read_file
INFO:root:read_file
INFO:root:read_file
INFO:root:read_file
INFO:root:read_file
INFO:root:read_file
INFO:root:read_file
INFO:root:read_file
INFO:root:read_file
INFO:root:read_file
INFO:root:read_file
INFO:root:read_file
INFO:root:read_file
INFO:root:read_file
INFO:root:read_file
INFO:root:read_file
INFO:root:read_file
INFO:root:read_file
INFO:root:read_file
INFO:root:read_file
INFO:root:read_file
INFO:root:read_file
INFO:root:read_file
INFO:root:read_file
INFO:root:read_file
INFO:root:read_file
INFO:root:read_file
INFO:root:read_file
INFO:root:read_file
INFO:root:read_file
INFO:root:read_file
INFO:root:read_file
INFO:root:read_file
INFO:root:read_file
INFO:root:read_file
INFO:root:read_file
INFO:root:read_file
INFO:root:read_file
INFO:root:read_file
INFO:root:read_file
INFO:root:read_file
INFO:root:read_file
INFO:root:read_file
INFO:root:read_file
INFO:root:read_file
INFO:root:read_file
INFO:root:read_file
INFO:root:read_file
INFO:root:read_file
INFO:root:read_file
INFO:root:read_file
INFO:root:read_file
INFO:root:read_file
INFO:root:read_file
INFO:root:read_file
INFO:root:read_file
INFO:root:read_file
INFO:root:read_file
INFO:root:read_file
INFO:root:read_file
INFO:root:read_file
INFO:root:read_file
INFO:root:read_file
INFO:root:read_file
INFO:root:read_file
INFO:root:read_file
INFO:root:read_file
INFO:root:read_file
INFO:root:read_file
INFO:root:read_file
INFO:root:read_file
INFO:root:read_file
INFO:root:read_file
INFO:root:read_file
INFO:root:read_file
INFO:root:read_file
INFO:root:read_file
INFO:root:read_file
INFO:root:read_file
INFO:root:read_file
INFO:root:read_file
INFO:root:read_file
INFO:root:read_file
INFO:root:read_file
INFO:root:read_file
INFO:root:read_file
INFO:root:read_file
INFO:root:read_file
INFO:root:read_file
INFO:root:read_file
INFO:root:read_file
INFO:root:read_file
INFO:root:read_file
INFO:root:read_file
INFO:root:read_file
INFO:root:read_file
INFO:root:read_file
INFO:root:read_file
INFO:root:read_file
INFO:root:read_file
INFO:root:read_file
INFO:root:read_file
INFO:root:read_file
INFO:root:read_file
INFO:root:read_file
INFO:root:read_file
INFO:root:read_file
INFO:root:read_file
INFO:root:read_file
INFO:root:read_file
