2024-03-28 17:38:03,684 - INFO - ◊ÚÂÌËÂ Ù‡ÈÎ‡ './texts/text start.txt' ÔÓ¯ÎÓ ÛÒÔÂ¯ÌÓ
2024-03-28 17:38:57,634 - INFO - –ß—Ç–µ–Ω–∏–µ —Ñ–∞–π–ª–∞ './texts/text start.txt' –ø—Ä–æ—à–ª–æ —É—Å–ø–µ—à–Ω–æ
2024-03-28 17:57:39,112 - INFO - –ß—Ç–µ–Ω–∏–µ —Ñ–∞–π–ª–∞ './texts/text start.txt' –ø—Ä–æ—à–ª–æ —É—Å–ø–µ—à–Ω–æ
2024-03-28 17:57:45,377 - INFO - –ß—Ç–µ–Ω–∏–µ —Ñ–∞–π–ª–∞ './texts/key.txt' –ø—Ä–æ—à–ª–æ —É—Å–ø–µ—à–Ω–æ
2024-03-28 17:57:45,378 - INFO - –°–º–µ—â–µ–Ω–∏–µ —Å–ø–∏—Å–∫–∞ –ø—Ä–æ—â–ª–æ —É—Å–ø–µ—à–Ω–æ
2024-03-28 17:57:45,378 - INFO - –°–º–µ—â–µ–Ω–∏–µ —Å–ø–∏—Å–∫–∞ –ø—Ä–æ—â–ª–æ —É—Å–ø–µ—à–Ω–æ
2024-03-28 17:57:45,378 - INFO - –°–º–µ—â–µ–Ω–∏–µ —Å–ø–∏—Å–∫–∞ –ø—Ä–æ—â–ª–æ —É—Å–ø–µ—à–Ω–æ
2024-03-28 17:57:45,379 - INFO - –°–º–µ—â–µ–Ω–∏–µ —Å–ø–∏—Å–∫–∞ –ø—Ä–æ—â–ª–æ —É—Å–ø–µ—à–Ω–æ
2024-03-28 17:57:45,381 - INFO - –°–º–µ—â–µ–Ω–∏–µ —Å–ø–∏—Å–∫–∞ –ø—Ä–æ—â–ª–æ —É—Å–ø–µ—à–Ω–æ
2024-03-28 17:57:45,381 - INFO - –°–º–µ—â–µ–Ω–∏–µ —Å–ø–∏—Å–∫–∞ –ø—Ä–æ—â–ª–æ —É—Å–ø–µ—à–Ω–æ
2024-03-28 17:57:45,381 - INFO - –°–º–µ—â–µ–Ω–∏–µ —Å–ø–∏—Å–∫–∞ –ø—Ä–æ—â–ª–æ —É—Å–ø–µ—à–Ω–æ
2024-03-28 17:57:45,381 - INFO - –°–º–µ—â–µ–Ω–∏–µ —Å–ø–∏—Å–∫–∞ –ø—Ä–æ—â–ª–æ —É—Å–ø–µ—à–Ω–æ
2024-03-28 17:57:45,381 - INFO - –°–º–µ—â–µ–Ω–∏–µ —Å–ø–∏—Å–∫–∞ –ø—Ä–æ—â–ª–æ —É—Å–ø–µ—à–Ω–æ
2024-03-28 17:57:45,381 - INFO - –°–º–µ—â–µ–Ω–∏–µ —Å–ø–∏—Å–∫–∞ –ø—Ä–æ—â–ª–æ —É—Å–ø–µ—à–Ω–æ
2024-03-28 17:57:45,381 - INFO - –°–º–µ—â–µ–Ω–∏–µ —Å–ø–∏—Å–∫–∞ –ø—Ä–æ—â–ª–æ —É—Å–ø–µ—à–Ω–æ
2024-03-28 17:57:45,381 - INFO - –°–º–µ—â–µ–Ω–∏–µ —Å–ø–∏—Å–∫–∞ –ø—Ä–æ—â–ª–æ —É—Å–ø–µ—à–Ω–æ
2024-03-28 17:57:45,381 - INFO - –°–º–µ—â–µ–Ω–∏–µ —Å–ø–∏—Å–∫–∞ –ø—Ä–æ—â–ª–æ —É—Å–ø–µ—à–Ω–æ
2024-03-28 17:57:45,381 - INFO - –°–º–µ—â–µ–Ω–∏–µ —Å–ø–∏—Å–∫–∞ –ø—Ä–æ—â–ª–æ —É—Å–ø–µ—à–Ω–æ
2024-03-28 17:57:45,381 - INFO - –°–º–µ—â–µ–Ω–∏–µ —Å–ø–∏—Å–∫–∞ –ø—Ä–æ—â–ª–æ —É—Å–ø–µ—à–Ω–æ
2024-03-28 17:57:45,381 - INFO - –°–º–µ—â–µ–Ω–∏–µ —Å–ø–∏—Å–∫–∞ –ø—Ä–æ—â–ª–æ —É—Å–ø–µ—à–Ω–æ
2024-03-28 17:57:45,381 - INFO - –°–º–µ—â–µ–Ω–∏–µ —Å–ø–∏—Å–∫–∞ –ø—Ä–æ—â–ª–æ —É—Å–ø–µ—à–Ω–æ
2024-03-28 17:57:45,381 - INFO - –°–º–µ—â–µ–Ω–∏–µ —Å–ø–∏—Å–∫–∞ –ø—Ä–æ—â–ª–æ —É—Å–ø–µ—à–Ω–æ
2024-03-28 17:57:45,381 - INFO - –°–º–µ—â–µ–Ω–∏–µ —Å–ø–∏—Å–∫–∞ –ø—Ä–æ—â–ª–æ —É—Å–ø–µ—à–Ω–æ
2024-03-28 17:57:45,381 - INFO - –°–º–µ—â–µ–Ω–∏–µ —Å–ø–∏—Å–∫–∞ –ø—Ä–æ—â–ª–æ —É—Å–ø–µ—à–Ω–æ
2024-03-28 17:57:45,381 - INFO - –°–º–µ—â–µ–Ω–∏–µ —Å–ø–∏—Å–∫–∞ –ø—Ä–æ—â–ª–æ —É—Å–ø–µ—à–Ω–æ
2024-03-28 17:57:45,382 - INFO - –°–º–µ—â–µ–Ω–∏–µ —Å–ø–∏—Å–∫–∞ –ø—Ä–æ—â–ª–æ —É—Å–ø–µ—à–Ω–æ
2024-03-28 17:57:45,382 - INFO - –°–º–µ—â–µ–Ω–∏–µ —Å–ø–∏—Å–∫–∞ –ø—Ä–æ—â–ª–æ —É—Å–ø–µ—à–Ω–æ
2024-03-28 17:57:45,382 - INFO - –°–º–µ—â–µ–Ω–∏–µ —Å–ø–∏—Å–∫–∞ –ø—Ä–æ—â–ª–æ —É—Å–ø–µ—à–Ω–æ
2024-03-28 17:57:45,382 - INFO - –°–º–µ—â–µ–Ω–∏–µ —Å–ø–∏—Å–∫–∞ –ø—Ä–æ—â–ª–æ —É—Å–ø–µ—à–Ω–æ
2024-03-28 17:57:45,382 - INFO - –°–º–µ—â–µ–Ω–∏–µ —Å–ø–∏—Å–∫–∞ –ø—Ä–æ—â–ª–æ —É—Å–ø–µ—à–Ω–æ
2024-03-28 17:57:45,382 - INFO - –°–º–µ—â–µ–Ω–∏–µ —Å–ø–∏—Å–∫–∞ –ø—Ä–æ—â–ª–æ —É—Å–ø–µ—à–Ω–æ
2024-03-28 17:57:45,382 - INFO - –°–º–µ—â–µ–Ω–∏–µ —Å–ø–∏—Å–∫–∞ –ø—Ä–æ—â–ª–æ —É—Å–ø–µ—à–Ω–æ
2024-03-28 17:57:45,382 - INFO - –°–º–µ—â–µ–Ω–∏–µ —Å–ø–∏—Å–∫–∞ –ø—Ä–æ—â–ª–æ —É—Å–ø–µ—à–Ω–æ
2024-03-28 17:57:45,382 - INFO - –°–º–µ—â–µ–Ω–∏–µ —Å–ø–∏—Å–∫–∞ –ø—Ä–æ—â–ª–æ —É—Å–ø–µ—à–Ω–æ
2024-03-28 17:57:45,382 - INFO - –°–º–µ—â–µ–Ω–∏–µ —Å–ø–∏—Å–∫–∞ –ø—Ä–æ—â–ª–æ —É—Å–ø–µ—à–Ω–æ
2024-03-28 17:57:45,382 - INFO - –°–º–µ—â–µ–Ω–∏–µ —Å–ø–∏—Å–∫–∞ –ø—Ä–æ—â–ª–æ —É—Å–ø–µ—à–Ω–æ
2024-03-28 17:57:45,382 - INFO - –°–º–µ—â–µ–Ω–∏–µ —Å–ø–∏—Å–∫–∞ –ø—Ä–æ—â–ª–æ —É—Å–ø–µ—à–Ω–æ
2024-03-28 17:57:45,382 - INFO - –°–º–µ—â–µ–Ω–∏–µ —Å–ø–∏—Å–∫–∞ –ø—Ä–æ—â–ª–æ —É—Å–ø–µ—à–Ω–æ
2024-03-28 17:57:45,387 - INFO - –®–∏—Ñ—Ä–æ–≤–∞–Ω–∏–µ —Ç–µ–∫—Å—Ç–∞ –ø—Ä–æ—à–ª–æ —É—Å–ø–µ—à–Ω–æ
2024-03-28 17:57:45,389 - INFO - –ó–∞–ø–∏—Å—å –≤ —Ñ–∞–π–ª './texts/text end.txt' –ø—Ä–æ—à–ª–∞ —É—Å–ø–µ—à–Ω–æ
2024-03-28 18:09:50,865 - INFO - –ß—Ç–µ–Ω–∏–µ —Ñ–∞–π–ª–∞ './texts/text start.txt' –ø—Ä–æ—à–ª–æ —É—Å–ø–µ—à–Ω–æ
2024-03-28 18:09:50,865 - INFO - –ß—Ç–µ–Ω–∏–µ —Ñ–∞–π–ª–∞ './texts/key.txt' –ø—Ä–æ—à–ª–æ —É—Å–ø–µ—à–Ω–æ
2024-03-28 18:09:50,865 - INFO - –°–º–µ—â–µ–Ω–∏–µ —Å–ø–∏—Å–∫–∞ –ø—Ä–æ—â–ª–æ —É—Å–ø–µ—à–Ω–æ
2024-03-28 18:09:50,865 - INFO - –°–º–µ—â–µ–Ω–∏–µ —Å–ø–∏—Å–∫–∞ –ø—Ä–æ—â–ª–æ —É—Å–ø–µ—à–Ω–æ
2024-03-28 18:09:50,865 - INFO - –°–º–µ—â–µ–Ω–∏–µ —Å–ø–∏—Å–∫–∞ –ø—Ä–æ—â–ª–æ —É—Å–ø–µ—à–Ω–æ
2024-03-28 18:09:50,865 - INFO - –°–º–µ—â–µ–Ω–∏–µ —Å–ø–∏—Å–∫–∞ –ø—Ä–æ—â–ª–æ —É—Å–ø–µ—à–Ω–æ
2024-03-28 18:09:50,865 - INFO - –°–º–µ—â–µ–Ω–∏–µ —Å–ø–∏—Å–∫–∞ –ø—Ä–æ—â–ª–æ —É—Å–ø–µ—à–Ω–æ
2024-03-28 18:09:50,865 - INFO - –°–º–µ—â–µ–Ω–∏–µ —Å–ø–∏—Å–∫–∞ –ø—Ä–æ—â–ª–æ —É—Å–ø–µ—à–Ω–æ
2024-03-28 18:09:50,865 - INFO - –°–º–µ—â–µ–Ω–∏–µ —Å–ø–∏—Å–∫–∞ –ø—Ä–æ—â–ª–æ —É—Å–ø–µ—à–Ω–æ
2024-03-28 18:09:50,865 - INFO - –°–º–µ—â–µ–Ω–∏–µ —Å–ø–∏—Å–∫–∞ –ø—Ä–æ—â–ª–æ —É—Å–ø–µ—à–Ω–æ
2024-03-28 18:09:50,866 - INFO - –°–º–µ—â–µ–Ω–∏–µ —Å–ø–∏—Å–∫–∞ –ø—Ä–æ—â–ª–æ —É—Å–ø–µ—à–Ω–æ
2024-03-28 18:09:50,866 - INFO - –°–º–µ—â–µ–Ω–∏–µ —Å–ø–∏—Å–∫–∞ –ø—Ä–æ—â–ª–æ —É—Å–ø–µ—à–Ω–æ
2024-03-28 18:09:50,866 - INFO - –°–º–µ—â–µ–Ω–∏–µ —Å–ø–∏—Å–∫–∞ –ø—Ä–æ—â–ª–æ —É—Å–ø–µ—à–Ω–æ
2024-03-28 18:09:50,866 - INFO - –°–º–µ—â–µ–Ω–∏–µ —Å–ø–∏—Å–∫–∞ –ø—Ä–æ—â–ª–æ —É—Å–ø–µ—à–Ω–æ
2024-03-28 18:09:50,866 - INFO - –°–º–µ—â–µ–Ω–∏–µ —Å–ø–∏—Å–∫–∞ –ø—Ä–æ—â–ª–æ —É—Å–ø–µ—à–Ω–æ
2024-03-28 18:09:50,866 - INFO - –°–º–µ—â–µ–Ω–∏–µ —Å–ø–∏—Å–∫–∞ –ø—Ä–æ—â–ª–æ —É—Å–ø–µ—à–Ω–æ
2024-03-28 18:09:50,866 - INFO - –°–º–µ—â–µ–Ω–∏–µ —Å–ø–∏—Å–∫–∞ –ø—Ä–æ—â–ª–æ —É—Å–ø–µ—à–Ω–æ
2024-03-28 18:09:50,866 - INFO - –°–º–µ—â–µ–Ω–∏–µ —Å–ø–∏—Å–∫–∞ –ø—Ä–æ—â–ª–æ —É—Å–ø–µ—à–Ω–æ
2024-03-28 18:09:50,866 - INFO - –°–º–µ—â–µ–Ω–∏–µ —Å–ø–∏—Å–∫–∞ –ø—Ä–æ—â–ª–æ —É—Å–ø–µ—à–Ω–æ
2024-03-28 18:09:50,866 - INFO - –°–º–µ—â–µ–Ω–∏–µ —Å–ø–∏—Å–∫–∞ –ø—Ä–æ—â–ª–æ —É—Å–ø–µ—à–Ω–æ
2024-03-28 18:09:50,866 - INFO - –°–º–µ—â–µ–Ω–∏–µ —Å–ø–∏—Å–∫–∞ –ø—Ä–æ—â–ª–æ —É—Å–ø–µ—à–Ω–æ
2024-03-28 18:09:50,866 - INFO - –°–º–µ—â–µ–Ω–∏–µ —Å–ø–∏—Å–∫–∞ –ø—Ä–æ—â–ª–æ —É—Å–ø–µ—à–Ω–æ
2024-03-28 18:09:50,866 - INFO - –°–º–µ—â–µ–Ω–∏–µ —Å–ø–∏—Å–∫–∞ –ø—Ä–æ—â–ª–æ —É—Å–ø–µ—à–Ω–æ
2024-03-28 18:09:50,866 - INFO - –°–º–µ—â–µ–Ω–∏–µ —Å–ø–∏—Å–∫–∞ –ø—Ä–æ—â–ª–æ —É—Å–ø–µ—à–Ω–æ
2024-03-28 18:09:50,866 - INFO - –°–º–µ—â–µ–Ω–∏–µ —Å–ø–∏—Å–∫–∞ –ø—Ä–æ—â–ª–æ —É—Å–ø–µ—à–Ω–æ
2024-03-28 18:09:50,866 - INFO - –°–º–µ—â–µ–Ω–∏–µ —Å–ø–∏—Å–∫–∞ –ø—Ä–æ—â–ª–æ —É—Å–ø–µ—à–Ω–æ
2024-03-28 18:09:50,866 - INFO - –°–º–µ—â–µ–Ω–∏–µ —Å–ø–∏—Å–∫–∞ –ø—Ä–æ—â–ª–æ —É—Å–ø–µ—à–Ω–æ
2024-03-28 18:09:50,866 - INFO - –°–º–µ—â–µ–Ω–∏–µ —Å–ø–∏—Å–∫–∞ –ø—Ä–æ—â–ª–æ —É—Å–ø–µ—à–Ω–æ
2024-03-28 18:09:50,866 - INFO - –°–º–µ—â–µ–Ω–∏–µ —Å–ø–∏—Å–∫–∞ –ø—Ä–æ—â–ª–æ —É—Å–ø–µ—à–Ω–æ
2024-03-28 18:09:50,866 - INFO - –°–º–µ—â–µ–Ω–∏–µ —Å–ø–∏—Å–∫–∞ –ø—Ä–æ—â–ª–æ —É—Å–ø–µ—à–Ω–æ
2024-03-28 18:09:50,866 - INFO - –°–º–µ—â–µ–Ω–∏–µ —Å–ø–∏—Å–∫–∞ –ø—Ä–æ—â–ª–æ —É—Å–ø–µ—à–Ω–æ
2024-03-28 18:09:50,866 - INFO - –°–º–µ—â–µ–Ω–∏–µ —Å–ø–∏—Å–∫–∞ –ø—Ä–æ—â–ª–æ —É—Å–ø–µ—à–Ω–æ
2024-03-28 18:09:50,867 - INFO - –°–º–µ—â–µ–Ω–∏–µ —Å–ø–∏—Å–∫–∞ –ø—Ä–æ—â–ª–æ —É—Å–ø–µ—à–Ω–æ
2024-03-28 18:09:50,867 - INFO - –°–º–µ—â–µ–Ω–∏–µ —Å–ø–∏—Å–∫–∞ –ø—Ä–æ—â–ª–æ —É—Å–ø–µ—à–Ω–æ
2024-03-28 18:09:50,867 - INFO - –°–º–µ—â–µ–Ω–∏–µ —Å–ø–∏—Å–∫–∞ –ø—Ä–æ—â–ª–æ —É—Å–ø–µ—à–Ω–æ
2024-03-28 18:09:50,867 - INFO - –°–º–µ—â–µ–Ω–∏–µ —Å–ø–∏—Å–∫–∞ –ø—Ä–æ—â–ª–æ —É—Å–ø–µ—à–Ω–æ
2024-03-28 18:09:50,872 - INFO - –®–∏—Ñ—Ä–æ–≤–∞–Ω–∏–µ —Ç–µ–∫—Å—Ç–∞ –ø—Ä–æ—à–ª–æ —É—Å–ø–µ—à–Ω–æ
2024-03-28 18:09:50,873 - INFO - –ó–∞–ø–∏—Å—å –≤ —Ñ–∞–π–ª './texts/text end.txt' –ø—Ä–æ—à–ª–∞ —É—Å–ø–µ—à–Ω–æ
2024-03-28 19:06:21,771 - INFO - –ß—Ç–µ–Ω–∏–µ —Ñ–∞–π–ª–∞ './texts/text start.txt' –ø—Ä–æ—à–ª–æ —É—Å–ø–µ—à–Ω–æ
2024-03-28 19:06:21,771 - INFO - –ß—Ç–µ–Ω–∏–µ —Ñ–∞–π–ª–∞ './texts/key.txt' –ø—Ä–æ—à–ª–æ —É—Å–ø–µ—à–Ω–æ
2024-03-28 19:06:21,771 - INFO - –°–º–µ—â–µ–Ω–∏–µ —Å–ø–∏—Å–∫–∞ –ø—Ä–æ—â–ª–æ —É—Å–ø–µ—à–Ω–æ
2024-03-28 19:06:21,771 - INFO - –°–º–µ—â–µ–Ω–∏–µ —Å–ø–∏—Å–∫–∞ –ø—Ä–æ—â–ª–æ —É—Å–ø–µ—à–Ω–æ
2024-03-28 19:06:21,771 - INFO - –°–º–µ—â–µ–Ω–∏–µ —Å–ø–∏—Å–∫–∞ –ø—Ä–æ—â–ª–æ —É—Å–ø–µ—à–Ω–æ
2024-03-28 19:06:21,771 - INFO - –°–º–µ—â–µ–Ω–∏–µ —Å–ø–∏—Å–∫–∞ –ø—Ä–æ—â–ª–æ —É—Å–ø–µ—à–Ω–æ
2024-03-28 19:06:21,771 - INFO - –°–º–µ—â–µ–Ω–∏–µ —Å–ø–∏—Å–∫–∞ –ø—Ä–æ—â–ª–æ —É—Å–ø–µ—à–Ω–æ
2024-03-28 19:06:21,771 - INFO - –°–º–µ—â–µ–Ω–∏–µ —Å–ø–∏—Å–∫–∞ –ø—Ä–æ—â–ª–æ —É—Å–ø–µ—à–Ω–æ
2024-03-28 19:06:21,771 - INFO - –°–º–µ—â–µ–Ω–∏–µ —Å–ø–∏—Å–∫–∞ –ø—Ä–æ—â–ª–æ —É—Å–ø–µ—à–Ω–æ
2024-03-28 19:06:21,771 - INFO - –°–º–µ—â–µ–Ω–∏–µ —Å–ø–∏—Å–∫–∞ –ø—Ä–æ—â–ª–æ —É—Å–ø–µ—à–Ω–æ
2024-03-28 19:06:21,771 - INFO - –°–º–µ—â–µ–Ω–∏–µ —Å–ø–∏—Å–∫–∞ –ø—Ä–æ—â–ª–æ —É—Å–ø–µ—à–Ω–æ
2024-03-28 19:06:21,771 - INFO - –°–º–µ—â–µ–Ω–∏–µ —Å–ø–∏—Å–∫–∞ –ø—Ä–æ—â–ª–æ —É—Å–ø–µ—à–Ω–æ
2024-03-28 19:06:21,771 - INFO - –°–º–µ—â–µ–Ω–∏–µ —Å–ø–∏—Å–∫–∞ –ø—Ä–æ—â–ª–æ —É—Å–ø–µ—à–Ω–æ
2024-03-28 19:06:21,771 - INFO - –°–º–µ—â–µ–Ω–∏–µ —Å–ø–∏—Å–∫–∞ –ø—Ä–æ—â–ª–æ —É—Å–ø–µ—à–Ω–æ
2024-03-28 19:06:21,771 - INFO - –°–º–µ—â–µ–Ω–∏–µ —Å–ø–∏—Å–∫–∞ –ø—Ä–æ—â–ª–æ —É—Å–ø–µ—à–Ω–æ
2024-03-28 19:06:21,772 - INFO - –°–º–µ—â–µ–Ω–∏–µ —Å–ø–∏—Å–∫–∞ –ø—Ä–æ—â–ª–æ —É—Å–ø–µ—à–Ω–æ
2024-03-28 19:06:21,772 - INFO - –°–º–µ—â–µ–Ω–∏–µ —Å–ø–∏—Å–∫–∞ –ø—Ä–æ—â–ª–æ —É—Å–ø–µ—à–Ω–æ
2024-03-28 19:06:21,772 - INFO - –°–º–µ—â–µ–Ω–∏–µ —Å–ø–∏—Å–∫–∞ –ø—Ä–æ—â–ª–æ —É—Å–ø–µ—à–Ω–æ
2024-03-28 19:06:21,772 - INFO - –°–º–µ—â–µ–Ω–∏–µ —Å–ø–∏—Å–∫–∞ –ø—Ä–æ—â–ª–æ —É—Å–ø–µ—à–Ω–æ
2024-03-28 19:06:21,772 - INFO - –°–º–µ—â–µ–Ω–∏–µ —Å–ø–∏—Å–∫–∞ –ø—Ä–æ—â–ª–æ —É—Å–ø–µ—à–Ω–æ
2024-03-28 19:06:21,772 - INFO - –°–º–µ—â–µ–Ω–∏–µ —Å–ø–∏—Å–∫–∞ –ø—Ä–æ—â–ª–æ —É—Å–ø–µ—à–Ω–æ
2024-03-28 19:06:21,772 - INFO - –°–º–µ—â–µ–Ω–∏–µ —Å–ø–∏—Å–∫–∞ –ø—Ä–æ—â–ª–æ —É—Å–ø–µ—à–Ω–æ
2024-03-28 19:06:21,772 - INFO - –°–º–µ—â–µ–Ω–∏–µ —Å–ø–∏—Å–∫–∞ –ø—Ä–æ—â–ª–æ —É—Å–ø–µ—à–Ω–æ
2024-03-28 19:06:21,772 - INFO - –°–º–µ—â–µ–Ω–∏–µ —Å–ø–∏—Å–∫–∞ –ø—Ä–æ—â–ª–æ —É—Å–ø–µ—à–Ω–æ
2024-03-28 19:06:21,772 - INFO - –°–º–µ—â–µ–Ω–∏–µ —Å–ø–∏—Å–∫–∞ –ø—Ä–æ—â–ª–æ —É—Å–ø–µ—à–Ω–æ
2024-03-28 19:06:21,772 - INFO - –°–º–µ—â–µ–Ω–∏–µ —Å–ø–∏—Å–∫–∞ –ø—Ä–æ—â–ª–æ —É—Å–ø–µ—à–Ω–æ
2024-03-28 19:06:21,772 - INFO - –°–º–µ—â–µ–Ω–∏–µ —Å–ø–∏—Å–∫–∞ –ø—Ä–æ—â–ª–æ —É—Å–ø–µ—à–Ω–æ
2024-03-28 19:06:21,772 - INFO - –°–º–µ—â–µ–Ω–∏–µ —Å–ø–∏—Å–∫–∞ –ø—Ä–æ—â–ª–æ —É—Å–ø–µ—à–Ω–æ
2024-03-28 19:06:21,772 - INFO - –°–º–µ—â–µ–Ω–∏–µ —Å–ø–∏—Å–∫–∞ –ø—Ä–æ—â–ª–æ —É—Å–ø–µ—à–Ω–æ
2024-03-28 19:06:21,772 - INFO - –°–º–µ—â–µ–Ω–∏–µ —Å–ø–∏—Å–∫–∞ –ø—Ä–æ—â–ª–æ —É—Å–ø–µ—à–Ω–æ
2024-03-28 19:06:21,772 - INFO - –°–º–µ—â–µ–Ω–∏–µ —Å–ø–∏—Å–∫–∞ –ø—Ä–æ—â–ª–æ —É—Å–ø–µ—à–Ω–æ
2024-03-28 19:06:21,772 - INFO - –°–º–µ—â–µ–Ω–∏–µ —Å–ø–∏—Å–∫–∞ –ø—Ä–æ—â–ª–æ —É—Å–ø–µ—à–Ω–æ
2024-03-28 19:06:21,772 - INFO - –°–º–µ—â–µ–Ω–∏–µ —Å–ø–∏—Å–∫–∞ –ø—Ä–æ—â–ª–æ —É—Å–ø–µ—à–Ω–æ
2024-03-28 19:06:21,772 - INFO - –°–º–µ—â–µ–Ω–∏–µ —Å–ø–∏—Å–∫–∞ –ø—Ä–æ—â–ª–æ —É—Å–ø–µ—à–Ω–æ
2024-03-28 19:06:21,772 - INFO - –°–º–µ—â–µ–Ω–∏–µ —Å–ø–∏—Å–∫–∞ –ø—Ä–æ—â–ª–æ —É—Å–ø–µ—à–Ω–æ
2024-03-28 19:06:21,772 - INFO - –°–º–µ—â–µ–Ω–∏–µ —Å–ø–∏—Å–∫–∞ –ø—Ä–æ—â–ª–æ —É—Å–ø–µ—à–Ω–æ
2024-03-28 19:06:21,774 - INFO - –®–∏—Ñ—Ä–æ–≤–∞–Ω–∏–µ —Ç–µ–∫—Å—Ç–∞ –ø—Ä–æ—à–ª–æ —É—Å–ø–µ—à–Ω–æ
2024-03-28 19:06:21,774 - INFO - –ó–∞–ø–∏—Å—å –≤ —Ñ–∞–π–ª './texts/text end.txt' –ø—Ä–æ—à–ª–∞ —É—Å–ø–µ—à–Ω–æ
